<?xml version="1.0" encoding="utf-8"?><testsuites name="pytest tests"><testsuite name="pytest" errors="0" failures="0" skipped="0" tests="8" time="53.188" timestamp="2026-08-06T07:23:34.679738+00:00" hostname="agent-env-6c6e6fe0-4f86-458d-881f-9de532e5313d"><testcase classname="tests.test_auth_password" name="test_login_default_password_success" time="47.412" /><testcase classname="tests.test_auth_password" name="test_login_wrong_password_401" time="0.593" /><testcase classname="tests.test_auth_password" name="test_change_password_flow" time="1.094" /><testcase classname="tests.test_auth_password" name="test_change_password_wrong_current" time="0.745" /><testcase classname="tests.test_auth_password" name="test_change_password_too_short" time="0.710" /><testcase classname="tests.test_auth_password" name="test_change_password_requires_auth" time="0.603" /><testcase classname="tests.test_auth_password" name="test_reset_password_requires_auth" time="0.599" /><testcase classname="tests.test_auth_password" name="test_reset_password_restores_default" time="1.374" /></testsuite></testsuites>